[0519/122857.833018:ERROR:file_io_posix.cc(153)] open /home/syanak/.config/Code/Crashpad/pending/24c6b0b0-c036-48c5-9aba-2fe22ccc9aae.lock: File exists (17)
[90m[main 2025-05-19T09:28:58.587Z][0m update#setState idle
[2796767:0519/122859.546459:ERROR:mime_util_xdg.cc(137)] Invalid mime.cache file does not contain null prior to ALIAS_LIST_OFFSET=44
[90m[main 2025-05-19T09:29:28.593Z][0m update#setState checking for updates
[90m[main 2025-05-19T09:29:28.605Z][0m update#setState available for download
[0519/123857.833229:ERROR:file_io_posix.cc(153)] open /home/syanak/.config/Code/Crashpad/pending/24c6b0b0-c036-48c5-9aba-2fe22ccc9aae.lock: File exists (17)
[0519/123857.833329:ERROR:file_io_posix.cc(153)] open /home/syanak/.config/Code/Crashpad/pending/24c6b0b0-c036-48c5-9aba-2fe22ccc9aae.lock: File exists (17)
[90m[main 2025-05-22T11:27:23.110Z][0m update#setState idle
[3758043:0522/142723.838629:ERROR:mime_util_xdg.cc(137)] Invalid mime.cache file does not contain null prior to ALIAS_LIST_OFFSET=44
[91m[main 2025-05-22T11:27:41.024Z][0m [UtilityProcessWorker]: terminated unexpectedly with code 82, signal: unknown
[90m[main 2025-05-22T11:27:41.026Z][0m Extension host with pid 3758239 exited with code: 0, signal: unknown.
[90m[main 2025-05-22T11:27:53.112Z][0m update#setState checking for updates
[90m[main 2025-05-22T11:27:53.116Z][0m update#setState available for download
[90m[main 2025-05-22T11:29:09.325Z][0m Extension host with pid 3758703 exited with code: 0, signal: unknown.
[91m[main 2025-05-22T11:31:23.841Z][0m [storage state.vscdb] prepare(): Error: SQLITE_CANTOPEN: unable to open database file (INSERT INTO ItemTable VALUES (?,?)). Details: Keys: memento/workbench.panel.output Length: 405
[91m[main 2025-05-22T11:31:26.463Z][0m Jt [Error]: Unable to write file '/home/syanak/.config/Code/User/globalStorage/storage.json' (Unknown (FileSystemError): Error: ENOSPC: no space left on device, open '/home/syanak/.config/Code/User/globalStorage/storage.json.vsctmp')
    at Pu.writeFile (file:///home/syanak/vscode/resources/app/out/main.js:102:6786)
    at async Zv.t (file:///home/syanak/vscode/resources/app/out/main.js:38:65091) {
  fileOperationResult: 10,
  options: { atomic: { postfix: '.vsctmp' } }
}
[91m[main 2025-05-22T11:31:26.467Z][0m [storage state.vscdb] prepare(): Error: SQLITE_CANTOPEN: unable to open database file (INSERT INTO ItemTable VALUES (?,?)). Details: Keys: colorThemeData Length: 7151
[*** LOG ERROR #0001 ***] [2025-05-22 14:31:27] [efac19e3-3309-490c-a4b5-c8728d5512a1] Failed flush to file /home/syanak/.config/Code/logs/20250522T142722/window2/renderer.log: Aygıt üzerinde boş yer yok
[3758043:0522/143128.097464:ERROR:storage_block-inl.h(150)] Failed data store.
[3758043:0522/143128.098753:ERROR:storage_block-inl.h(150)] Failed data store.
[3758043:0522/143128.100096:ERROR:storage_block-inl.h(150)] Failed data store.
[3758043:0522/143128.100117:ERROR:backend_impl.cc(989)] Critical error found -8
[3758043:0522/143128.100188:ERROR:entry_impl.cc(955)] Failed to save user data
[3758043:0522/143128.101418:ERROR:storage_block-inl.h(150)] Failed data store.
[3758043:0522/143128.102421:ERROR:storage_block-inl.h(150)] Failed data store.
[3758043:0522/143128.102529:ERROR:entry_impl.cc(955)] Failed to save user data
[3758043:0522/143128.103605:ERROR:storage_block-inl.h(150)] Failed data store.
Mevcut tarayıcı oturumunda açılıyor.
[91m[main 2025-05-22T11:31:43.144Z][0m [storage state.vscdb] prepare(): Error: SQLITE_CANTOPEN: unable to open database file (INSERT INTO ItemTable VALUES (?,?)). Details: Keys: workbench.editor.languageDetectionOpenedLanguages.global Length: 16
[91m[main 2025-05-22T11:31:43.144Z][0m [storage state.vscdb] prepare(): Error: SQLITE_CANTOPEN: unable to open database file (INSERT INTO ItemTable VALUES (?,?),(?,?)). Details: Keys: __$__targetStorageMarker, workbench.editor.languageDetectionOpenedLanguages.workspace Length: 1466
[91m[main 2025-05-22T11:31:43.326Z][0m Jt [Error]: Unable to write file '/home/syanak/.config/Code/User/globalStorage/storage.json' (Unknown (FileSystemError): Error: ENOSPC: no space left on device, open '/home/syanak/.config/Code/User/globalStorage/storage.json.vsctmp')
    at Pu.writeFile (file:///home/syanak/vscode/resources/app/out/main.js:102:6786)
    at async Zv.t (file:///home/syanak/vscode/resources/app/out/main.js:38:65091) {
  fileOperationResult: 10,
  options: { atomic: { postfix: '.vsctmp' } }
}
[91m[main 2025-05-22T11:31:45.353Z][0m Jt [Error]: Unable to write file '/home/syanak/.config/Code/User/globalStorage/storage.json' (Unknown (FileSystemError): Error: ENOSPC: no space left on device, open '/home/syanak/.config/Code/User/globalStorage/storage.json.vsctmp')
    at Pu.writeFile (file:///home/syanak/vscode/resources/app/out/main.js:102:6786)
    at async Zv.t (file:///home/syanak/vscode/resources/app/out/main.js:38:65091) {
  fileOperationResult: 10,
  options: { atomic: { postfix: '.vsctmp' } }
}
[91m[main 2025-05-22T11:31:45.679Z][0m Jt [Error]: Unable to write file '/home/syanak/.config/Code/User/globalStorage/storage.json' (Unknown (FileSystemError): Error: ENOSPC: no space left on device, open '/home/syanak/.config/Code/User/globalStorage/storage.json.vsctmp')
    at Pu.writeFile (file:///home/syanak/vscode/resources/app/out/main.js:102:6786)
    at async Zv.t (file:///home/syanak/vscode/resources/app/out/main.js:38:65091) {
  fileOperationResult: 10,
  options: { atomic: { postfix: '.vsctmp' } }
}
[91m[main 2025-05-22T11:31:45.782Z][0m [storage state.vscdb] prepare(): Error: SQLITE_CANTOPEN: unable to open database file (INSERT INTO ItemTable VALUES (?,?),(?,?),(?,?),(?,?)). Details: Keys: memento/workbench.parts.editor, history.entries, __$__targetStorageMarker, memento/workbench.editors.files.textFileEditor Length: 2547
[91m[main 2025-05-22T11:31:47.481Z][0m Jt [Error]: Unable to write file '/home/syanak/.config/Code/User/globalStorage/storage.json' (Unknown (FileSystemError): Error: ENOSPC: no space left on device, open '/home/syanak/.config/Code/User/globalStorage/storage.json.vsctmp')
    at Pu.writeFile (file:///home/syanak/vscode/resources/app/out/main.js:102:6786)
    at async Zv.t (file:///home/syanak/vscode/resources/app/out/main.js:38:65091) {
  fileOperationResult: 10,
  options: { atomic: { postfix: '.vsctmp' } }
}
[3758043:0522/143206.106502:ERROR:simple_index_file.cc(327)] Failed to write the temporary index file
[91m[main 2025-05-22T11:32:23.859Z][0m [storage state.vscdb] prepare(): Error: SQLITE_CANTOPEN: unable to open database file (INSERT INTO ItemTable VALUES (?,?),(?,?)). Details: Keys: __$__targetStorageMarker, memento/workbench.editors.textResourceEditor Length: 1492
[91m[main 2025-05-22T11:32:23.861Z][0m [storage state.vscdb] prepare(): Error: SQLITE_CANTOPEN: unable to open database file (DELETE FROM ItemTable WHERE key IN (?)). Details: Keys: memento/workbench.parts.editor
[0522/143722.740148:ERROR:file_io_posix.cc(153)] open /home/syanak/.config/Code/Crashpad/completed/0055f081-7974-46b2-983e-69a025a53d6b.lock: No space left on device (28)
[0522/143722.741270:ERROR:file_io_posix.cc(153)] open /home/syanak/.config/Code/Crashpad/completed/d0fc0ff4-381c-4418-bdc6-6a0bcd4ba1fb.lock: No space left on device (28)
[0522/143722.742278:ERROR:file_io_posix.cc(153)] open /home/syanak/.config/Code/Crashpad/completed/d0fc0ff4-381c-4418-bdc6-6a0bcd4ba1fb.lock: No space left on device (28)
[0522/143722.743123:ERROR:file_io_posix.cc(153)] open /home/syanak/.config/Code/Crashpad/completed/0055f081-7974-46b2-983e-69a025a53d6b.lock: No space left on device (28)
[0522/143722.744055:ERROR:file_io_posix.cc(153)] open /home/syanak/.config/Code/Crashpad/completed/42089719-77b5-464c-a6fc-8aa9248a3ea7.lock: No space left on device (28)
[0522/143722.744899:ERROR:file_io_posix.cc(153)] open /home/syanak/.config/Code/Crashpad/completed/42089719-77b5-464c-a6fc-8aa9248a3ea7.lock: No space left on device (28)
[0522/143722.745665:ERROR:file_io_posix.cc(153)] open /home/syanak/.config/Code/Crashpad/completed/16c4cd92-3253-4dc5-a622-1ded11d9dacc.lock: No space left on device (28)
[0522/143722.746629:ERROR:file_io_posix.cc(153)] open /home/syanak/.config/Code/Crashpad/completed/408c5cdb-d5e1-431c-95bc-9e637cdaae9c.lock: No space left on device (28)
[0522/143722.747833:ERROR:file_io_posix.cc(153)] open /home/syanak/.config/Code/Crashpad/completed/408c5cdb-d5e1-431c-95bc-9e637cdaae9c.lock: No space left on device (28)
[0522/143722.748918:ERROR:file_io_posix.cc(153)] open /home/syanak/.config/Code/Crashpad/completed/16c4cd92-3253-4dc5-a622-1ded11d9dacc.lock: No space left on device (28)
[0522/143722.749789:ERROR:file_io_posix.cc(153)] open /home/syanak/.config/Code/Crashpad/completed/dac3c89e-a6c8-4b92-a0e9-a9db9a0d0515.lock: No space left on device (28)
[0522/143722.750743:ERROR:file_io_posix.cc(153)] open /home/syanak/.config/Code/Crashpad/completed/dac3c89e-a6c8-4b92-a0e9-a9db9a0d0515.lock: No space left on device (28)
[0522/143722.751874:ERROR:file_io_posix.cc(153)] open /home/syanak/.config/Code/Crashpad/completed/01ab92aa-2a58-4215-913a-5cd0398bffc0.lock: No space left on device (28)
[0522/143722.753031:ERROR:file_io_posix.cc(153)] open /home/syanak/.config/Code/Crashpad/completed/ce0a2f8d-19c4-415e-a899-290f80a072a3.lock: No space left on device (28)
[0522/143722.754154:ERROR:file_io_posix.cc(153)] open /home/syanak/.config/Code/Crashpad/completed/ce0a2f8d-19c4-415e-a899-290f80a072a3.lock: No space left on device (28)
[0522/143722.755220:ERROR:file_io_posix.cc(153)] open /home/syanak/.config/Code/Crashpad/completed/01ab92aa-2a58-4215-913a-5cd0398bffc0.lock: No space left on device (28)
[0522/143722.756124:ERROR:file_io_posix.cc(153)] open /home/syanak/.config/Code/Crashpad/completed/85026d4f-e730-4da1-878f-021bb3dafaf5.lock: No space left on device (28)
[0522/143722.756991:ERROR:file_io_posix.cc(153)] open /home/syanak/.config/Code/Crashpad/completed/85026d4f-e730-4da1-878f-021bb3dafaf5.lock: No space left on device (28)
[0522/143722.758040:ERROR:file_io_posix.cc(153)] open /home/syanak/.config/Code/Crashpad/completed/dc7843e9-cf03-45a5-a1c7-6535ebf91751.lock: No space left on device (28)
[0522/143722.759091:ERROR:file_io_posix.cc(153)] open /home/syanak/.config/Code/Crashpad/completed/3706ca5b-b702-419a-9718-a553d8fb6d11.lock: No space left on device (28)
[0522/143722.760192:ERROR:file_io_posix.cc(153)] open /home/syanak/.config/Code/Crashpad/completed/3706ca5b-b702-419a-9718-a553d8fb6d11.lock: No space left on device (28)
[0522/143722.761078:ERROR:file_io_posix.cc(153)] open /home/syanak/.config/Code/Crashpad/completed/363a4d34-5a09-4ad6-92f3-c7c0aeda0261.lock: No space left on device (28)
[0522/143722.762070:ERROR:file_io_posix.cc(153)] open /home/syanak/.config/Code/Crashpad/completed/8e66f483-8145-47d2-9cc7-8d4494f03435.lock: No space left on device (28)
[0522/143722.763236:ERROR:file_io_posix.cc(153)] open /home/syanak/.config/Code/Crashpad/completed/8e66f483-8145-47d2-9cc7-8d4494f03435.lock: No space left on device (28)
[0522/143722.764142:ERROR:file_io_posix.cc(153)] open /home/syanak/.config/Code/Crashpad/completed/363a4d34-5a09-4ad6-92f3-c7c0aeda0261.lock: No space left on device (28)
[0522/143722.765085:ERROR:file_io_posix.cc(153)] open /home/syanak/.config/Code/Crashpad/completed/97d302e0-8052-4fed-9184-7db255c81fa3.lock: No space left on device (28)
[0522/143722.766241:ERROR:file_io_posix.cc(153)] open /home/syanak/.config/Code/Crashpad/completed/97d302e0-8052-4fed-9184-7db255c81fa3.lock: No space left on device (28)
[0522/143722.767137:ERROR:file_io_posix.cc(153)] open /home/syanak/.config/Code/Crashpad/completed/184ba6bb-f9a2-41ef-8e6d-0c31d4828512.lock: No space left on device (28)
[0522/143722.768150:ERROR:file_io_posix.cc(153)] open /home/syanak/.config/Code/Crashpad/completed/063a0927-7446-4c48-bf78-5c0de7f03149.lock: No space left on device (28)
[0522/143722.769261:ERROR:file_io_posix.cc(153)] open /home/syanak/.config/Code/Crashpad/completed/063a0927-7446-4c48-bf78-5c0de7f03149.lock: No space left on device (28)
[0522/143722.770357:ERROR:file_io_posix.cc(153)] open /home/syanak/.config/Code/Crashpad/completed/dc7843e9-cf03-45a5-a1c7-6535ebf91751.lock: No space left on device (28)
[0522/143722.771367:ERROR:file_io_posix.cc(153)] open /home/syanak/.config/Code/Crashpad/completed/323f0adf-d593-4ebc-9792-52f52abfc6b2.lock: No space left on device (28)
[0522/143722.772557:ERROR:file_io_posix.cc(153)] open /home/syanak/.config/Code/Crashpad/completed/323f0adf-d593-4ebc-9792-52f52abfc6b2.lock: No space left on device (28)
[0522/143722.773765:ERROR:file_io_posix.cc(153)] open /home/syanak/.config/Code/Crashpad/completed/bd94f223-3628-4559-8db1-bbc29218a306.lock: No space left on device (28)
[0522/143722.774889:ERROR:file_io_posix.cc(153)] open /home/syanak/.config/Code/Crashpad/completed/468e20ce-8a2a-41dd-b5b1-e8eb7f4ac113.lock: No space left on device (28)
[0522/143722.776381:ERROR:file_io_posix.cc(153)] open /home/syanak/.config/Code/Crashpad/completed/468e20ce-8a2a-41dd-b5b1-e8eb7f4ac113.lock: No space left on device (28)
[0522/143722.777188:ERROR:file_io_posix.cc(153)] open /home/syanak/.config/Code/Crashpad/completed/184ba6bb-f9a2-41ef-8e6d-0c31d4828512.lock: No space left on device (28)
[0522/143722.777900:ERROR:file_io_posix.cc(153)] open /home/syanak/.config/Code/Crashpad/completed/870ac725-7df7-4005-b481-97894e5715b5.lock: No space left on device (28)
[0522/143722.778951:ERROR:file_io_posix.cc(153)] open /home/syanak/.config/Code/Crashpad/completed/870ac725-7df7-4005-b481-97894e5715b5.lock: No space left on device (28)
[0522/143722.780006:ERROR:file_io_posix.cc(153)] open /home/syanak/.config/Code/Crashpad/completed/11136839-716d-462c-9363-7f0b83a3c55c.lock: No space left on device (28)
[0522/143722.781113:ERROR:file_io_posix.cc(153)] open /home/syanak/.config/Code/Crashpad/completed/11136839-716d-462c-9363-7f0b83a3c55c.lock: No space left on device (28)
[0522/143722.782289:ERROR:file_io_posix.cc(153)] open /home/syanak/.config/Code/Crashpad/completed/e58b2576-b364-4de0-a756-367f8512ec71.lock: No space left on device (28)
[0522/143722.783198:ERROR:file_io_posix.cc(153)] open /home/syanak/.config/Code/Crashpad/completed/e58b2576-b364-4de0-a756-367f8512ec71.lock: No space left on device (28)
[0522/143722.784147:ERROR:file_io_posix.cc(153)] open /home/syanak/.config/Code/Crashpad/completed/666ae257-ab42-4ace-8145-141197a7e0d9.lock: No space left on device (28)
[0522/143722.785190:ERROR:file_io_posix.cc(153)] open /home/syanak/.config/Code/Crashpad/completed/666ae257-ab42-4ace-8145-141197a7e0d9.lock: No space left on device (28)
[0522/143722.786161:ERROR:file_io_posix.cc(153)] open /home/syanak/.config/Code/Crashpad/completed/a08c2271-37ef-48e0-a41a-20f18668b3c3.lock: No space left on device (28)
[0522/143722.787287:ERROR:file_io_posix.cc(153)] open /home/syanak/.config/Code/Crashpad/completed/a08c2271-37ef-48e0-a41a-20f18668b3c3.lock: No space left on device (28)
[0522/143722.788271:ERROR:file_io_posix.cc(153)] open /home/syanak/.config/Code/Crashpad/completed/c52795a1-673c-48b8-9ce1-d9fa332ac5b2.lock: No space left on device (28)
[0522/143722.789191:ERROR:file_io_posix.cc(153)] open /home/syanak/.config/Code/Crashpad/completed/c52795a1-673c-48b8-9ce1-d9fa332ac5b2.lock: No space left on device (28)
[0522/143722.790121:ERROR:file_io_posix.cc(153)] open /home/syanak/.config/Code/Crashpad/completed/043d66b6-0ada-48ba-8644-ec8cd2211e19.lock: No space left on device (28)
[0522/143722.791212:ERROR:file_io_posix.cc(153)] open /home/syanak/.config/Code/Crashpad/completed/043d66b6-0ada-48ba-8644-ec8cd2211e19.lock: No space left on device (28)
[0522/143722.792074:ERROR:file_io_posix.cc(153)] open /home/syanak/.config/Code/Crashpad/completed/dfdbdd27-d6b5-40a3-98a4-997397aa6903.lock: No space left on device (28)
[0522/143722.792800:ERROR:file_io_posix.cc(153)] open /home/syanak/.config/Code/Crashpad/completed/dfdbdd27-d6b5-40a3-98a4-997397aa6903.lock: No space left on device (28)
[0522/143722.793754:ERROR:file_io_posix.cc(153)] open /home/syanak/.config/Code/Crashpad/completed/6a7b6437-9b73-4651-8158-cd818b6ac7d2.lock: No space left on device (28)
[0522/143722.794696:ERROR:file_io_posix.cc(153)] open /home/syanak/.config/Code/Crashpad/completed/6a7b6437-9b73-4651-8158-cd818b6ac7d2.lock: No space left on device (28)
[0522/143722.795771:ERROR:file_io_posix.cc(153)] open /home/syanak/.config/Code/Crashpad/completed/bd94f223-3628-4559-8db1-bbc29218a306.lock: No space left on device (28)
[0522/143722.796958:ERROR:file_io_posix.cc(153)] open /home/syanak/.config/Code/Crashpad/completed/0055f081-7974-46b2-983e-69a025a53d6b.lock: No space left on device (28)
[0522/143722.798043:ERROR:file_io_posix.cc(153)] open /home/syanak/.config/Code/Crashpad/completed/d0fc0ff4-381c-4418-bdc6-6a0bcd4ba1fb.lock: No space left on device (28)
[0522/143722.799121:ERROR:file_io_posix.cc(153)] open /home/syanak/.config/Code/Crashpad/completed/42089719-77b5-464c-a6fc-8aa9248a3ea7.lock: No space left on device (28)
[0522/143722.800210:ERROR:file_io_posix.cc(153)] open /home/syanak/.config/Code/Crashpad/completed/16c4cd92-3253-4dc5-a622-1ded11d9dacc.lock: No space left on device (28)
[0522/143722.801286:ERROR:file_io_posix.cc(153)] open /home/syanak/.config/Code/Crashpad/completed/408c5cdb-d5e1-431c-95bc-9e637cdaae9c.lock: No space left on device (28)
[0522/143722.802251:ERROR:file_io_posix.cc(153)] open /home/syanak/.config/Code/Crashpad/completed/dac3c89e-a6c8-4b92-a0e9-a9db9a0d0515.lock: No space left on device (28)
[0522/143722.803114:ERROR:file_io_posix.cc(153)] open /home/syanak/.config/Code/Crashpad/completed/01ab92aa-2a58-4215-913a-5cd0398bffc0.lock: No space left on device (28)
[0522/143722.804091:ERROR:file_io_posix.cc(153)] open /home/syanak/.config/Code/Crashpad/completed/ce0a2f8d-19c4-415e-a899-290f80a072a3.lock: No space left on device (28)
[0522/143722.805159:ERROR:file_io_posix.cc(153)] open /home/syanak/.config/Code/Crashpad/completed/85026d4f-e730-4da1-878f-021bb3dafaf5.lock: No space left on device (28)
[0522/143722.806063:ERROR:file_io_posix.cc(153)] open /home/syanak/.config/Code/Crashpad/completed/dc7843e9-cf03-45a5-a1c7-6535ebf91751.lock: No space left on device (28)
[0522/143722.807108:ERROR:file_io_posix.cc(153)] open /home/syanak/.config/Code/Crashpad/completed/3706ca5b-b702-419a-9718-a553d8fb6d11.lock: No space left on device (28)
[0522/143722.808043:ERROR:file_io_posix.cc(153)] open /home/syanak/.config/Code/Crashpad/completed/363a4d34-5a09-4ad6-92f3-c7c0aeda0261.lock: No space left on device (28)
[0522/143722.808919:ERROR:file_io_posix.cc(153)] open /home/syanak/.config/Code/Crashpad/completed/8e66f483-8145-47d2-9cc7-8d4494f03435.lock: No space left on device (28)
[0522/143722.809845:ERROR:file_io_posix.cc(153)] open /home/syanak/.config/Code/Crashpad/completed/97d302e0-8052-4fed-9184-7db255c81fa3.lock: No space left on device (28)
[0522/143722.810837:ERROR:file_io_posix.cc(153)] open /home/syanak/.config/Code/Crashpad/completed/184ba6bb-f9a2-41ef-8e6d-0c31d4828512.lock: No space left on device (28)
[0522/143722.811886:ERROR:file_io_posix.cc(153)] open /home/syanak/.config/Code/Crashpad/completed/063a0927-7446-4c48-bf78-5c0de7f03149.lock: No space left on device (28)
[0522/143722.812843:ERROR:file_io_posix.cc(153)] open /home/syanak/.config/Code/Crashpad/completed/323f0adf-d593-4ebc-9792-52f52abfc6b2.lock: No space left on device (28)
[0522/143722.813906:ERROR:file_io_posix.cc(153)] open /home/syanak/.config/Code/Crashpad/completed/bd94f223-3628-4559-8db1-bbc29218a306.lock: No space left on device (28)
[0522/143722.814964:ERROR:file_io_posix.cc(153)] open /home/syanak/.config/Code/Crashpad/completed/468e20ce-8a2a-41dd-b5b1-e8eb7f4ac113.lock: No space left on device (28)
[0522/143722.816014:ERROR:file_io_posix.cc(153)] open /home/syanak/.config/Code/Crashpad/completed/870ac725-7df7-4005-b481-97894e5715b5.lock: No space left on device (28)
[0522/143722.817119:ERROR:file_io_posix.cc(153)] open /home/syanak/.config/Code/Crashpad/completed/11136839-716d-462c-9363-7f0b83a3c55c.lock: No space left on device (28)
[0522/143722.818175:ERROR:file_io_posix.cc(153)] open /home/syanak/.config/Code/Crashpad/completed/e58b2576-b364-4de0-a756-367f8512ec71.lock: No space left on device (28)
[0522/143722.819181:ERROR:file_io_posix.cc(153)] open /home/syanak/.config/Code/Crashpad/completed/666ae257-ab42-4ace-8145-141197a7e0d9.lock: No space left on device (28)
[0522/143722.820256:ERROR:file_io_posix.cc(153)] open /home/syanak/.config/Code/Crashpad/completed/a08c2271-37ef-48e0-a41a-20f18668b3c3.lock: No space left on device (28)
[0522/143722.821349:ERROR:file_io_posix.cc(153)] open /home/syanak/.config/Code/Crashpad/completed/c52795a1-673c-48b8-9ce1-d9fa332ac5b2.lock: No space left on device (28)
[0522/143722.822354:ERROR:file_io_posix.cc(153)] open /home/syanak/.config/Code/Crashpad/completed/043d66b6-0ada-48ba-8644-ec8cd2211e19.lock: No space left on device (28)
[0522/143722.823357:ERROR:file_io_posix.cc(153)] open /home/syanak/.config/Code/Crashpad/completed/dfdbdd27-d6b5-40a3-98a4-997397aa6903.lock: No space left on device (28)
[0522/143722.824437:ERROR:file_io_posix.cc(153)] open /home/syanak/.config/Code/Crashpad/completed/6a7b6437-9b73-4651-8158-cd818b6ac7d2.lock: No space left on device (28)
[*** LOG ERROR #0002 ***] [2025-05-22 14:47:26] [efac19e3-3309-490c-a4b5-c8728d5512a1] Failed flush to file /home/syanak/.config/Code/logs/20250522T142722/window2/renderer.log: Aygıt üzerinde boş yer yok
[*** LOG ERROR #0005 ***] [2025-05-22 14:52:26] [efac19e3-3309-490c-a4b5-c8728d5512a1] Failed flush to file /home/syanak/.config/Code/logs/20250522T142722/window2/renderer.log: Aygıt üzerinde boş yer yok
[3758043:0522/160135.073856:FATAL:bus.cc(1246)] D-Bus connection was disconnected. Aborting.
[0522/160135.087235:ERROR:elf_dynamic_array_reader.h(64)] tag not found
[0522/160135.108037:ERROR:directory_reader_posix.cc(43)] opendir /home/syanak/.config/Code/Crashpad/attachments/9ad3bcbd-235a-4b02-a579-db291d1d33f8: No such file or directory (2)
